#
# There is insufficient memory for the Java Runtime Environment to continue.
# Native memory allocation (malloc) failed to allocate 1048576 bytes. Error detail: AllocateHeap
# Possible reasons:
#   The system is out of physical RAM or swap space
#   This process is running with CompressedOops enabled, and the Java Heap may be blocking the growth of the native heap
# Possible solutions:
#   Reduce memory load on the system
#   Increase physical memory or swap space
#   Check if swap backing store is full
#   Decrease Java heap size (-Xmx/-Xms)
#   Decrease number of Java threads
#   Decrease Java thread stack sizes (-Xss)
#   Set larger code cache with -XX:ReservedCodeCacheSize=
#   JVM is running with Unscaled Compressed Oops mode in which the Java heap is
#     placed in the first 4GB address space. The Java Heap base address is the
#     maximum limit for the native heap growth. Please use -XX:HeapBaseMinAddress
#     to set the Java Heap base and to place the Java Heap above 4GB virtual address.
# This output file may be truncated or incomplete.
#
#  Out of Memory Error (allocation.cpp:44), pid=20036, tid=19660
#
# JRE version: OpenJDK Runtime Environment Temurin-21.0.10+7 (21.0.10+7) (build 21.0.10+7-LTS)
# Java VM: OpenJDK 64-Bit Server VM Temurin-21.0.10+7 (21.0.10+7-LTS, mixed mode, sharing, tiered, compressed oops, compressed class ptrs, parallel gc, windows-amd64)
# No core dump will be written. Minidumps are not enabled by default on client versions of Windows
#

---------------  S U M M A R Y ------------

Command Line: --add-modules=ALL-SYSTEM --add-opens=java.base/java.util=ALL-UNNAMED --add-opens=java.base/java.lang=ALL-UNNAMED --add-opens=java.base/sun.nio.fs=ALL-UNNAMED -Declipse.application=org.eclipse.jdt.ls.core.id1 -Dosgi.bundles.defaultStartLevel=4 -Declipse.product=org.eclipse.jdt.ls.core.product -Djava.import.generatesMetadataFilesAtProjectRoot=false -DDetectVMInstallationsJob.disabled=true -Dfile.encoding=utf8 -XX:+UseParallelGC -XX:GCTimeRatio=4 -XX:AdaptiveSizePolicyWeight=90 -Dsun.zip.disableMemoryMapping=true -Xmx2G -Xms100m -Xlog:disable -javaagent:c:\Users\arthur.francisco\.vscode\extensions\redhat.java-1.54.0-win32-x64\lombok\lombok-1.18.39-4050.jar -XX:+HeapDumpOnOutOfMemoryError -XX:HeapDumpPath=c:\Users\arthur.francisco\AppData\Roaming\Code\User\workspaceStorage\35a10e9584c7852b2a41de5c6c8bbb6e\redhat.java -Daether.dependencyCollector.impl=bf c:\Users\arthur.francisco\.vscode\extensions\redhat.java-1.54.0-win32-x64\server\plugins\org.eclipse.equinox.launcher_1.7.100.v20251111-0406.jar -configuration c:\Users\arthur.francisco\AppData\Roaming\Code\User\globalStorage\redhat.java\1.54.0\config_win -data c:\Users\arthur.francisco\AppData\Roaming\Code\User\workspaceStorage\35a10e9584c7852b2a41de5c6c8bbb6e\redhat.java\jdt_ws --pipe=\\.\pipe\lsp-1bf2b282067ce8234c8396ec9b5edb02-sock

Host: 12th Gen Intel(R) Core(TM) i7-1260P, 16 cores, 15G,  Windows 11 , 64 bit Build 26100 (10.0.26100.8246)
Time: Thu Apr 16 11:17:23 2026 Hora oficial do Brasil elapsed time: 73.310657 seconds (0d 0h 1m 13s)

---------------  T H R E A D  ---------------

Current thread (0x000002165f5f9230):  JavaThread "Attach Listener" daemon [_thread_in_vm, id=19660, stack(0x0000004d06300000,0x0000004d06400000) (1024K)]

Stack: [0x0000004d06300000,0x0000004d06400000]
Native frames: (J=compiled Java code, j=interpreted, Vv=VM code, C=native code)
V  [jvm.dll+0x6d7a39]
V  [jvm.dll+0x8b4b26]
V  [jvm.dll+0x8b70de]
V  [jvm.dll+0x8b77c3]
V  [jvm.dll+0x284346]
V  [jvm.dll+0xc1277]
V  [jvm.dll+0x6d82e9]
V  [jvm.dll+0x1334a6]
V  [jvm.dll+0x3f857e]
V  [jvm.dll+0x85f59d]
V  [jvm.dll+0x6d626d]
C  [ucrtbase.dll+0x37b0]
C  [KERNEL32.DLL+0x2e8d7]
C  [ntdll.dll+0x8c3fc]


---------------  P R O C E S S  ---------------

Threads class SMR info:
_java_thread_list=0x000002167f7765b0, length=61, elements={
0x000002165f5535a0, 0x000002165f5f43b0, 0x000002165f4fd760, 0x000002165f5f87d0,
0x000002165f5f9230, 0x000002165f5f9c90, 0x000002165f5fa6f0, 0x000002165f5fbe70,
0x000002165f60b170, 0x00000216774d6dd0, 0x000002167d00c850, 0x000002167d8789f0,
0x000002167da95f60, 0x000002167d861bb0, 0x000002167d862620, 0x000002167e185080,
0x000002167e33c160, 0x00000216773e69e0, 0x000002167dc5c150, 0x000002167dc5ada0,
0x000002167dc599f0, 0x000002167dc5a080, 0x000002167dc5c7e0, 0x000002167dc5a710,
0x000002167dc5b430, 0x000002167dc5bac0, 0x000002167dc59360, 0x0000021642b41ea0,
0x0000021642b40af0, 0x0000021642b44600, 0x0000021642b43250, 0x0000021642b41180,
0x0000021642b42530, 0x0000021642b43f70, 0x0000021642b438e0, 0x0000021642b42bc0,
0x0000021642b44c90, 0x0000021642b41810, 0x0000021642b459b0, 0x0000021642b473f0,
0x0000021642b46040, 0x0000021642b47a80, 0x0000021642b45320, 0x0000021642b466d0,
0x000002167de49b30, 0x000002167de4c290, 0x000002167de4b570, 0x000002167de4c920,
0x000002167de4a850, 0x000002167de4a1c0, 0x000002167de4aee0, 0x000002167de4bc00,
0x000002167de494a0, 0x000002167de4f080, 0x000002167de4cfb0, 0x000002167de4f710,
0x000002167de4e9f0, 0x000002167de4d640, 0x000002167de4fda0, 0x000002167de50430,
0x0000021643a61d50
}

Java Threads: ( => current thread )
  0x000002165f5535a0 JavaThread "main"                              [_thread_blocked, id=25364, stack(0x0000004d05c00000,0x0000004d05d00000) (1024K)]
  0x000002165f5f43b0 JavaThread "Reference Handler"          daemon [_thread_blocked, id=24804, stack(0x0000004d06000000,0x0000004d06100000) (1024K)]
  0x000002165f4fd760 JavaThread "Finalizer"                  daemon [_thread_blocked, id=14572, stack(0x0000004d06100000,0x0000004d06200000) (1024K)]
  0x000002165f5f87d0 JavaThread "Signal Dispatcher"          daemon [_thread_blocked, id=25212, stack(0x0000004d06200000,0x0000004d06300000) (1024K)]
=>0x000002165f5f9230 JavaThread "Attach Listener"            daemon [_thread_in_vm, id=19660, stack(0x0000004d06300000,0x0000004d06400000) (1024K)]
  0x000002165f5f9c90 JavaThread "Service Thread"             daemon [_thread_blocked, id=26716, stack(0x0000004d06400000,0x0000004d06500000) (1024K)]
  0x000002165f5fa6f0 JavaThread "Monitor Deflation Thread"   daemon [_thread_blocked, id=24352, stack(0x0000004d06500000,0x0000004d06600000) (1024K)]
  0x000002165f5fbe70 JavaThread "C2 CompilerThread0"         daemon [_thread_blocked, id=10268, stack(0x0000004d06600000,0x0000004d06700000) (1024K)]
  0x000002165f60b170 JavaThread "C1 CompilerThread0"         daemon [_thread_blocked, id=18676, stack(0x0000004d06700000,0x0000004d06800000) (1024K)]
  0x00000216774d6dd0 JavaThread "Common-Cleaner"             daemon [_thread_blocked, id=16512, stack(0x0000004d06a00000,0x0000004d06b00000) (1024K)]
  0x000002167d00c850 JavaThread "Notification Thread"        daemon [_thread_blocked, id=22728, stack(0x0000004d06b00000,0x0000004d06c00000) (1024K)]
  0x000002167d8789f0 JavaThread "Active Thread: Equinox Container: b23447c2-5f3a-42b8-9776-f9a78c7f638f"        [_thread_blocked, id=14276, stack(0x0000004d07500000,0x0000004d07600000) (1024K)]
  0x000002167da95f60 JavaThread "Refresh Thread: Equinox Container: b23447c2-5f3a-42b8-9776-f9a78c7f638f" daemon [_thread_blocked, id=26524, stack(0x0000004d07600000,0x0000004d07700000) (1024K)]
  0x000002167d861bb0 JavaThread "Framework Event Dispatcher: Equinox Container: b23447c2-5f3a-42b8-9776-f9a78c7f638f" daemon [_thread_blocked, id=26756, stack(0x0000004d07700000,0x0000004d07800000) (1024K)]
  0x000002167d862620 JavaThread "Start Level: Equinox Container: b23447c2-5f3a-42b8-9776-f9a78c7f638f" daemon [_thread_blocked, id=2016, stack(0x0000004d07800000,0x0000004d07900000) (1024K)]
  0x000002167e185080 JavaThread "Bundle File Closer"         daemon [_thread_blocked, id=19836, stack(0x0000004d07c00000,0x0000004d07d00000) (1024K)]
  0x000002167e33c160 JavaThread "SCR Component Actor"        daemon [_thread_blocked, id=9936, stack(0x0000004d06c00000,0x0000004d06d00000) (1024K)]
  0x00000216773e69e0 JavaThread "Worker-JM"                         [_thread_blocked, id=6716, stack(0x0000004d07d00000,0x0000004d07e00000) (1024K)]
  0x000002167dc5c150 JavaThread "JNA Cleaner"                daemon [_thread_blocked, id=21568, stack(0x0000004d07f00000,0x0000004d08000000) (1024K)]
  0x000002167dc5ada0 JavaThread "Worker-0"                          [_thread_blocked, id=23952, stack(0x0000004d08000000,0x0000004d08100000) (1024K)]
  0x000002167dc599f0 JavaThread "Worker-1"                          [_thread_blocked, id=18992, stack(0x0000004d08100000,0x0000004d08200000) (1024K)]
  0x000002167dc5a080 JavaThread "Worker-2"                          [_thread_blocked, id=23984, stack(0x0000004d08300000,0x0000004d08400000) (1024K)]
  0x000002167dc5c7e0 JavaThread "Java indexing"              daemon [_thread_blocked, id=16784, stack(0x0000004d08600000,0x0000004d08700000) (1024K)]
  0x000002167dc5a710 JavaThread "Worker-3"                          [_thread_blocked, id=27596, stack(0x0000004d08700000,0x0000004d08800000) (1024K)]
  0x000002167dc5b430 JavaThread "Worker-4"                          [_thread_blocked, id=15900, stack(0x0000004d08b00000,0x0000004d08c00000) (1024K)]
  0x000002167dc5bac0 JavaThread "Thread-1"                   daemon [_thread_in_native, id=4020, stack(0x0000004d08d00000,0x0000004d08e00000) (1024K)]
  0x000002167dc59360 JavaThread "Thread-2"                   daemon [_thread_in_native, id=19348, stack(0x0000004d08e00000,0x0000004d08f00000) (1024K)]
  0x0000021642b41ea0 JavaThread "Thread-3"                   daemon [_thread_in_native, id=27096, stack(0x0000004d08f00000,0x0000004d09000000) (1024K)]
  0x0000021642b40af0 JavaThread "Thread-4"                   daemon [_thread_in_native, id=22836, stack(0x0000004d09000000,0x0000004d09100000) (1024K)]
  0x0000021642b44600 JavaThread "Thread-5"                   daemon [_thread_in_native, id=27100, stack(0x0000004d09100000,0x0000004d09200000) (1024K)]
  0x0000021642b43250 JavaThread "Thread-6"                   daemon [_thread_in_native, id=15376, stack(0x0000004d09200000,0x0000004d09300000) (1024K)]
  0x0000021642b41180 JavaThread "Thread-7"                   daemon [_thread_in_native, id=17632, stack(0x0000004d09300000,0x0000004d09400000) (1024K)]
  0x0000021642b42530 JavaThread "Thread-8"                   daemon [_thread_in_native, id=26976, stack(0x0000004d09400000,0x0000004d09500000) (1024K)]
  0x0000021642b43f70 JavaThread "Thread-9"                   daemon [_thread_in_native, id=4776, stack(0x0000004d09500000,0x0000004d09600000) (1024K)]
  0x0000021642b438e0 JavaThread "Thread-10"                  daemon [_thread_in_native, id=24820, stack(0x0000004d09600000,0x0000004d09700000) (1024K)]
  0x0000021642b42bc0 JavaThread "Thread-11"                  daemon [_thread_in_native, id=19632, stack(0x0000004d09700000,0x0000004d09800000) (1024K)]
  0x0000021642b44c90 JavaThread "Thread-12"                  daemon [_thread_in_native, id=15352, stack(0x0000004d09800000,0x0000004d09900000) (1024K)]
  0x0000021642b41810 JavaThread "Thread-13"                  daemon [_thread_in_native, id=15296, stack(0x0000004d09900000,0x0000004d09a00000) (1024K)]
  0x0000021642b459b0 JavaThread "Thread-14"                  daemon [_thread_in_native, id=12012, stack(0x0000004d09a00000,0x0000004d09b00000) (1024K)]
  0x0000021642b473f0 JavaThread "Thread-15"                  daemon [_thread_in_native, id=3684, stack(0x0000004d09b00000,0x0000004d09c00000) (1024K)]
  0x0000021642b46040 JavaThread "Thread-16"                  daemon [_thread_in_native, id=21188, stack(0x0000004d09c00000,0x0000004d09d00000) (1024K)]
  0x0000021642b47a80 JavaThread "Thread-17"                  daemon [_thread_in_native, id=25568, stack(0x0000004d09d00000,0x0000004d09e00000) (1024K)]
  0x0000021642b45320 JavaThread "pool-2-thread-1"                   [_thread_blocked, id=7528, stack(0x0000004d09e00000,0x0000004d09f00000) (1024K)]
  0x0000021642b466d0 JavaThread "WorkspaceEventsHandler"            [_thread_blocked, id=24676, stack(0x0000004d09f00000,0x0000004d0a000000) (1024K)]
  0x000002167de49b30 JavaThread "pool-1-thread-1"                   [_thread_blocked, id=18060, stack(0x0000004d0a000000,0x0000004d0a100000) (1024K)]
  0x000002167de4c290 JavaThread "ForkJoinPool.commonPool-worker-1" daemon [_thread_blocked, id=26336, stack(0x0000004d0a100000,0x0000004d0a200000) (1024K)]
  0x000002167de4b570 JavaThread "ForkJoinPool.commonPool-worker-2" daemon [_thread_blocked, id=9772, stack(0x0000004d0a200000,0x0000004d0a300000) (1024K)]
  0x000002167de4c920 JavaThread "ForkJoinPool.commonPool-worker-3" daemon [_thread_blocked, id=5692, stack(0x0000004d0a300000,0x0000004d0a400000) (1024K)]
  0x000002167de4a850 JavaThread "ForkJoinPool.commonPool-worker-4" daemon [_thread_blocked, id=19304, stack(0x0000004d0a400000,0x0000004d0a500000) (1024K)]
  0x000002167de4a1c0 JavaThread "ForkJoinPool.commonPool-worker-5" daemon [_thread_blocked, id=14392, stack(0x0000004d0a500000,0x0000004d0a600000) (1024K)]
  0x000002167de4aee0 JavaThread "ForkJoinPool.commonPool-worker-6" daemon [_thread_blocked, id=21236, stack(0x0000004d0a600000,0x0000004d0a700000) (1024K)]
  0x000002167de4bc00 JavaThread "ForkJoinPool.commonPool-worker-7" daemon [_thread_blocked, id=392, stack(0x0000004d0a700000,0x0000004d0a800000) (1024K)]
  0x000002167de494a0 JavaThread "ForkJoinPool.commonPool-worker-8" daemon [_thread_blocked, id=10844, stack(0x0000004d0a800000,0x0000004d0a900000) (1024K)]
  0x000002167de4f080 JavaThread "ForkJoinPool.commonPool-worker-9" daemon [_thread_blocked, id=25316, stack(0x0000004d0a900000,0x0000004d0aa00000) (1024K)]
  0x000002167de4cfb0 JavaThread "ForkJoinPool.commonPool-worker-10" daemon [_thread_blocked, id=24444, stack(0x0000004d0aa00000,0x0000004d0ab00000) (1024K)]
  0x000002167de4f710 JavaThread "ForkJoinPool.commonPool-worker-11" daemon [_thread_blocked, id=15952, stack(0x0000004d0ab00000,0x0000004d0ac00000) (1024K)]
  0x000002167de4e9f0 JavaThread "ForkJoinPool.commonPool-worker-12" daemon [_thread_blocked, id=24428, stack(0x0000004d0ac00000,0x0000004d0ad00000) (1024K)]
  0x000002167de4d640 JavaThread "ForkJoinPool.commonPool-worker-13" daemon [_thread_blocked, id=25908, stack(0x0000004d0ad00000,0x0000004d0ae00000) (1024K)]
  0x000002167de4fda0 JavaThread "ForkJoinPool.commonPool-worker-14" daemon [_thread_blocked, id=23372, stack(0x0000004d0ae00000,0x0000004d0af00000) (1024K)]
  0x000002167de50430 JavaThread "ForkJoinPool.commonPool-worker-15" daemon [_thread_blocked, id=19132, stack(0x0000004d0af00000,0x0000004d0b000000) (1024K)]
  0x0000021643a61d50 JavaThread "Cleaner-0"                  daemon [_thread_blocked, id=5944, stack(0x0000004d08c00000,0x0000004d08d00000) (1024K)]
Total: 61

Other Threads:
  0x000002165f5ef8f0 VMThread "VM Thread"                           [id=3020, stack(0x0000004d05f00000,0x0000004d06000000) (1024K)]
  0x000002165f3dcb20 WatcherThread "VM Periodic Task Thread"        [id=9884, stack(0x0000004d05e00000,0x0000004d05f00000) (1024K)]
  0x000002165f572170 WorkerThread "GC Thread#0"                     [id=27400, stack(0x0000004d05d00000,0x0000004d05e00000) (1024K)]
  0x000002167d4176b0 WorkerThread "GC Thread#1"                     [id=22456, stack(0x0000004d06e00000,0x0000004d06f00000) (1024K)]
  0x000002167d0601c0 WorkerThread "GC Thread#2"                     [id=20336, stack(0x0000004d06f00000,0x0000004d07000000) (1024K)]
  0x000002167d060570 WorkerThread "GC Thread#3"                     [id=19540, stack(0x0000004d07000000,0x0000004d07100000) (1024K)]
  0x000002167d060920 WorkerThread "GC Thread#4"                     [id=8132, stack(0x0000004d07100000,0x0000004d07200000) (1024K)]
  0x000002167d060cd0 WorkerThread "GC Thread#5"                     [id=23716, stack(0x0000004d07200000,0x0000004d07300000) (1024K)]
  0x000002167d7ed270 WorkerThread "GC Thread#6"                     [id=11956, stack(0x0000004d07300000,0x0000004d07400000) (1024K)]
  0x000002167dcacfd0 WorkerThread "GC Thread#7"                     [id=24440, stack(0x0000004d07400000,0x0000004d07500000) (1024K)]
  0x000002167dabfe40 WorkerThread "GC Thread#8"                     [id=16356, stack(0x0000004d07900000,0x0000004d07a00000) (1024K)]
  0x000002167dbf03d0 WorkerThread "GC Thread#9"                     [id=10640, stack(0x0000004d07a00000,0x0000004d07b00000) (1024K)]
  0x000002167dfa2600 WorkerThread "GC Thread#10"                    [id=5320, stack(0x0000004d07b00000,0x0000004d07c00000) (1024K)]
  0x000002167e15f810 WorkerThread "GC Thread#11"                    [id=2552, stack(0x0000004d06d00000,0x0000004d06e00000) (1024K)]
  0x000002167e15fbc0 WorkerThread "GC Thread#12"                    [id=8992, stack(0x0000004d07e00000,0x0000004d07f00000) (1024K)]
Total: 15

Threads with active compile tasks:
Total: 0

VM state: not at safepoint (normal execution)

VM Mutex/Monitor currently owned by a thread: None

Heap address: 0x0000000080000000, size: 2048 MB, Compressed Oops mode: 32-bit

CDS archive(s) mapped at: [0x0000021600000000-0x0000021600ba0000-0x0000021600ba0000), size 12189696, SharedBaseAddress: 0x0000021600000000, ArchiveRelocationMode: 1.
Compressed class space mapped at: 0x0000021601000000-0x0000021641000000, reserved size: 1073741824
Narrow klass base: 0x0000021600000000, Narrow klass shift: 0, Narrow klass range: 0x100000000

GC Precious Log:
 CardTable entry size: 512
 CPUs: 16 total, 16 available
 Memory: 16119M
 Large Page Support: Disabled
 NUMA Support: Disabled
 Compressed Oops: Enabled (32-bit)
 Alignments: Space 512K, Generation 512K, Heap 2M
 Heap Min Capacity: 100M
 Heap Initial Capacity: 100M
 Heap Max Capacity: 2G
 Pre-touch: Disabled
 Parallel Workers: 13

Heap:
 PSYoungGen      total 12288K, used 7588K [0x00000000d5580000, 0x00000000d6380000, 0x0000000100000000)
  eden space 11776K, 60% used [0x00000000d5580000,0x00000000d5c81170,0x00000000d6100000)
  from space 512K, 81% used [0x00000000d6300000,0x00000000d6368000,0x00000000d6380000)
  to   space 1024K, 0% used [0x00000000d6180000,0x00000000d6180000,0x00000000d6280000)
 ParOldGen       total 89600K, used 89106K [0x0000000080000000, 0x0000000085780000, 0x00000000d5580000)
  object space 89600K, 99% used [0x0000000080000000,0x0000000085704850,0x0000000085780000)
 Metaspace       used 67552K, committed 69184K, reserved 1114112K
  class space    used 7078K, committed 7808K, reserved 1048576K

Card table byte_map: [0x000002165eef0000,0x000002165f300000] _byte_map_base: 0x000002165eaf0000

Marking Bits: (ParMarkBitMap*) 0x00007ffca3a63450
 Begin Bits: [0x0000021671a00000, 0x0000021673a00000)
 End Bits:   [0x0000021673a00000, 0x0000021675a00000)

Polling page: 0x000002165d330000

Metaspace:

Usage:
  Non-class:     59.06 MB used.
      Class:      6.91 MB used.
       Both:     65.97 MB used.

Virtual space:
  Non-class space:       64.00 MB reserved,      59.94 MB ( 94%) committed,  1 nodes.
      Class space:        1.00 GB reserved,       7.62 MB ( <1%) committed,  1 nodes.
             Both:        1.06 GB reserved,      67.56 MB (  6%) committed. 

Chunk freelists:
   Non-Class:  4.02 MB
       Class:  8.35 MB
        Both:  12.37 MB

MaxMetaspaceSize: unlimited
CompressedClassSpaceSize: 1.00 GB
Initial GC threshold: 21.00 MB
Current GC threshold: 97.31 MB
CDS: on
 - commit_granule_bytes: 65536.
 - commit_granule_words: 8192.
 - virtual_space_node_default_size: 8388608.
 - enlarge_chunks_in_place: 1.
 - use_allocation_guard: 0.


Internal statistics:

num_allocs_failed_limit: 11.
num_arena_births: 1304.
num_arena_deaths: 14.
num_vsnodes_births: 2.
num_vsnodes_deaths: 0.
num_space_committed: 1081.
num_space_uncommitted: 0.
num_chunks_returned_to_freelist: 25.
num_chunks_taken_from_freelist: 4638.
num_chunk_merges: 14.
num_chunk_splits: 2811.
num_chunks_enlarged: 1466.
num_inconsistent_stats: 0.

CodeHeap 'non-profiled nmethods': size=119168Kb used=7472Kb max_used=7472Kb free=111696Kb
 bounds [0x000002166a2f0000, 0x000002166aa40000, 0x0000021671750000]
CodeHeap 'profiled nmethods': size=119104Kb used=26538Kb max_used=26538Kb free=92565Kb
 bounds [0x0000021662750000, 0x0000021664140000, 0x0000021669ba0000]
CodeHeap 'non-nmethods': size=7488Kb used=1449Kb max_used=3209Kb free=6038Kb
 bounds [0x0000021669ba0000, 0x0000021669ee0000, 0x000002166a2f0000]
CodeCache: size=245760Kb, used=35459Kb, max_used=37219Kb, free=210299Kb
 total_blobs=12128, nmethods=11361, adapters=671, full_count=0
Compilation: enabled, stopped_count=0, restarted_count=0

Compilation events (20 events):
Event: 37.371 Thread 0x000002165f60b170 12153       1       org.eclipse.jdt.internal.core.MemberElementInfo::getModifiers (5 bytes)
Event: 37.371 Thread 0x000002165f60b170 nmethod 12153 0x000002166aa29b90 code [0x000002166aa29d20, 0x000002166aa29de8]
Event: 37.372 Thread 0x000002165f60b170 12154       1       org.eclipse.jdt.internal.core.AnnotatableInfo::getNameSourceStart (5 bytes)
Event: 37.373 Thread 0x000002165f60b170 nmethod 12154 0x000002166aa29e90 code [0x000002166aa2a020, 0x000002166aa2a0e8]
Event: 37.383 Thread 0x000002165f60b170 12157       3       java.util.regex.Pattern$Branch::<init> (37 bytes)
Event: 37.384 Thread 0x000002165f60b170 nmethod 12157 0x0000021664139490 code [0x0000021664139660, 0x0000021664139b88]
Event: 37.384 Thread 0x000002165f60b170 12158       3       org.eclipse.core.internal.resources.Resource::isTeamPrivateMember (51 bytes)
Event: 37.385 Thread 0x000002165f60b170 nmethod 12158 0x0000021664139d10 code [0x0000021664139f20, 0x000002166413a6e8]
Event: 37.407 Thread 0x000002167f145ad0 nmethod 12148 0x000002166aa2a190 code [0x000002166aa2a3e0, 0x000002166aa2b690]
Event: 37.407 Thread 0x000002167f145ad0 12155       4       lombok.launch.PatchFixesHider$Delegate::isDelegateSourceMethod (21 bytes)
Event: 37.419 Thread 0x000002167f145ad0 nmethod 12155 0x000002166aa2c190 code [0x000002166aa2c3e0, 0x000002166aa2c9c8]
Event: 37.419 Thread 0x000002167f145ad0 12156       4       com.google.gson.internal.bind.TypeAdapterRuntimeTypeWrapper::write (80 bytes)
Event: 37.483 Thread 0x000002165f5fbe70 nmethod 12150 0x000002166aa2cf90 code [0x000002166aa2d4a0, 0x000002166aa30090]
Event: 37.555 Thread 0x000002167f145ad0 nmethod 12156 0x000002166aa32310 code [0x000002166aa32960, 0x000002166aa362e0]
Event: 37.605 Thread 0x000002167f145ad0 12159       4       java.util.regex.Pattern::compile (537 bytes)
Event: 37.605 Thread 0x000002165f5fbe70 12160       4       org.eclipse.core.runtime.Path::removeLastSegments (85 bytes)
Event: 37.611 Thread 0x000002165f5fbe70 nmethod 12160 0x000002166aa38990 code [0x000002166aa38b40, 0x000002166aa39008]
Event: 37.656 Thread 0x000002167f145ad0 nmethod 12159 0x000002166aa39210 code [0x000002166aa39560, 0x000002166aa3b010]
Event: 51.615 Thread 0x000002165f5fbe70 12161       4       java.lang.Thread::interrupted (7 bytes)
Event: 51.616 Thread 0x000002165f5fbe70 nmethod 12161 0x000002166aa3bd10 code [0x000002166aa3bea0, 0x000002166aa3bf58]

GC Heap History (20 events):
Event: 20.425 GC heap before
{Heap before GC invocations=130 (full 3):
 PSYoungGen      total 15360K, used 15039K [0x00000000d5580000, 0x00000000d6700000, 0x0000000100000000)
  eden space 13312K, 100% used [0x00000000d5580000,0x00000000d6280000,0x00000000d6280000)
  from space 2048K, 84% used [0x00000000d6500000,0x00000000d66afee0,0x00000000d6700000)
  to   space 2048K, 0% used [0x00000000d6280000,0x00000000d6280000,0x00000000d6480000)
 ParOldGen       total 83968K, used 83509K [0x0000000080000000, 0x0000000085200000, 0x00000000d5580000)
  object space 83968K, 99% used [0x0000000080000000,0x000000008518d718,0x0000000085200000)
 Metaspace       used 61365K, committed 62848K, reserved 1114112K
  class space    used 6529K, committed 7168K, reserved 1048576K
}
Event: 20.427 GC heap after
{Heap after GC invocations=130 (full 3):
 PSYoungGen      total 14336K, used 873K [0x00000000d5580000, 0x00000000d6580000, 0x0000000100000000)
  eden space 13312K, 0% used [0x00000000d5580000,0x00000000d5580000,0x00000000d6280000)
  from space 1024K, 85% used [0x00000000d6280000,0x00000000d635a6d8,0x00000000d6380000)
  to   space 1536K, 0% used [0x00000000d6400000,0x00000000d6400000,0x00000000d6580000)
 ParOldGen       total 83968K, used 83749K [0x0000000080000000, 0x0000000085200000, 0x00000000d5580000)
  object space 83968K, 99% used [0x0000000080000000,0x00000000851c9738,0x0000000085200000)
 Metaspace       used 61365K, committed 62848K, reserved 1114112K
  class space    used 6529K, committed 7168K, reserved 1048576K
}
Event: 20.485 GC heap before
{Heap before GC invocations=131 (full 3):
 PSYoungGen      total 14336K, used 14014K [0x00000000d5580000, 0x00000000d6580000, 0x0000000100000000)
  eden space 13312K, 98% used [0x00000000d5580000,0x00000000d6255210,0x00000000d6280000)
  from space 1024K, 85% used [0x00000000d6280000,0x00000000d635a6d8,0x00000000d6380000)
  to   space 1536K, 0% used [0x00000000d6400000,0x00000000d6400000,0x00000000d6580000)
 ParOldGen       total 83968K, used 83749K [0x0000000080000000, 0x0000000085200000, 0x00000000d5580000)
  object space 83968K, 99% used [0x0000000080000000,0x00000000851c9738,0x0000000085200000)
 Metaspace       used 61382K, committed 62848K, reserved 1114112K
  class space    used 6532K, committed 7168K, reserved 1048576K
}
Event: 20.487 GC heap after
{Heap after GC invocations=131 (full 3):
 PSYoungGen      total 14336K, used 1435K [0x00000000d5580000, 0x00000000d6680000, 0x0000000100000000)
  eden space 12800K, 0% used [0x00000000d5580000,0x00000000d5580000,0x00000000d6200000)
  from space 1536K, 93% used [0x00000000d6400000,0x00000000d6566e90,0x00000000d6580000)
  to   space 2048K, 0% used [0x00000000d6200000,0x00000000d6200000,0x00000000d6400000)
 ParOldGen       total 83968K, used 83805K [0x0000000080000000, 0x0000000085200000, 0x00000000d5580000)
  object space 83968K, 99% used [0x0000000080000000,0x00000000851d7738,0x0000000085200000)
 Metaspace       used 61382K, committed 62848K, reserved 1114112K
  class space    used 6532K, committed 7168K, reserved 1048576K
}
Event: 20.807 GC heap before
{Heap before GC invocations=132 (full 3):
 PSYoungGen      total 14336K, used 14223K [0x00000000d5580000, 0x00000000d6680000, 0x0000000100000000)
  eden space 12800K, 99% used [0x00000000d5580000,0x00000000d61fcdf8,0x00000000d6200000)
  from space 1536K, 93% used [0x00000000d6400000,0x00000000d6566e90,0x00000000d6580000)
  to   space 2048K, 0% used [0x00000000d6200000,0x00000000d6200000,0x00000000d6400000)
 ParOldGen       total 83968K, used 83805K [0x0000000080000000, 0x0000000085200000, 0x00000000d5580000)
  object space 83968K, 99% used [0x0000000080000000,0x00000000851d7738,0x0000000085200000)
 Metaspace       used 62775K, committed 64256K, reserved 1114112K
  class space    used 6650K, committed 7296K, reserved 1048576K
}
Event: 20.810 GC heap after
{Heap after GC invocations=132 (full 3):
 PSYoungGen      total 14336K, used 1037K [0x00000000d5580000, 0x00000000d6500000, 0x0000000100000000)
  eden space 12800K, 0% used [0x00000000d5580000,0x00000000d5580000,0x00000000d6200000)
  from space 1536K, 67% used [0x00000000d6200000,0x00000000d6303458,0x00000000d6380000)
  to   space 1536K, 0% used [0x00000000d6380000,0x00000000d6380000,0x00000000d6500000)
 ParOldGen       total 83968K, used 83877K [0x0000000080000000, 0x0000000085200000, 0x00000000d5580000)
  object space 83968K, 99% used [0x0000000080000000,0x00000000851e9738,0x0000000085200000)
 Metaspace       used 62775K, committed 64256K, reserved 1114112K
  class space    used 6650K, committed 7296K, reserved 1048576K
}
Event: 21.036 GC heap before
{Heap before GC invocations=133 (full 3):
 PSYoungGen      total 14336K, used 13837K [0x00000000d5580000, 0x00000000d6500000, 0x0000000100000000)
  eden space 12800K, 100% used [0x00000000d5580000,0x00000000d6200000,0x00000000d6200000)
  from space 1536K, 67% used [0x00000000d6200000,0x00000000d6303458,0x00000000d6380000)
  to   space 1536K, 0% used [0x00000000d6380000,0x00000000d6380000,0x00000000d6500000)
 ParOldGen       total 83968K, used 83877K [0x0000000080000000, 0x0000000085200000, 0x00000000d5580000)
  object space 83968K, 99% used [0x0000000080000000,0x00000000851e9738,0x0000000085200000)
 Metaspace       used 63153K, committed 64640K, reserved 1114112K
  class space    used 6686K, committed 7296K, reserved 1048576K
}
Event: 21.040 GC heap after
{Heap after GC invocations=133 (full 3):
 PSYoungGen      total 14336K, used 1130K [0x00000000d5580000, 0x00000000d6500000, 0x0000000100000000)
  eden space 12800K, 0% used [0x00000000d5580000,0x00000000d5580000,0x00000000d6200000)
  from space 1536K, 73% used [0x00000000d6380000,0x00000000d649a930,0x00000000d6500000)
  to   space 1536K, 0% used [0x00000000d6200000,0x00000000d6200000,0x00000000d6380000)
 ParOldGen       total 84992K, used 84624K [0x0000000080000000, 0x0000000085300000, 0x00000000d5580000)
  object space 84992K, 99% used [0x0000000080000000,0x00000000852a4260,0x0000000085300000)
 Metaspace       used 63153K, committed 64640K, reserved 1114112K
  class space    used 6686K, committed 7296K, reserved 1048576K
}
Event: 21.178 GC heap before
{Heap before GC invocations=134 (full 3):
 PSYoungGen      total 14336K, used 13930K [0x00000000d5580000, 0x00000000d6500000, 0x0000000100000000)
  eden space 12800K, 100% used [0x00000000d5580000,0x00000000d6200000,0x00000000d6200000)
  from space 1536K, 73% used [0x00000000d6380000,0x00000000d649a930,0x00000000d6500000)
  to   space 1536K, 0% used [0x00000000d6200000,0x00000000d6200000,0x00000000d6380000)
 ParOldGen       total 84992K, used 84624K [0x0000000080000000, 0x0000000085300000, 0x00000000d5580000)
  object space 84992K, 99% used [0x0000000080000000,0x00000000852a4260,0x0000000085300000)
 Metaspace       used 63400K, committed 64896K, reserved 1114112K
  class space    used 6706K, committed 7360K, reserved 1048576K
}
Event: 21.180 GC heap after
{Heap after GC invocations=134 (full 3):
 PSYoungGen      total 14336K, used 980K [0x00000000d5580000, 0x00000000d6500000, 0x0000000100000000)
  eden space 12800K, 0% used [0x00000000d5580000,0x00000000d5580000,0x00000000d6200000)
  from space 1536K, 63% used [0x00000000d6200000,0x00000000d62f5220,0x00000000d6380000)
  to   space 1536K, 0% used [0x00000000d6380000,0x00000000d6380000,0x00000000d6500000)
 ParOldGen       total 86016K, used 85561K [0x0000000080000000, 0x0000000085400000, 0x00000000d5580000)
  object space 86016K, 99% used [0x0000000080000000,0x000000008538e660,0x0000000085400000)
 Metaspace       used 63400K, committed 64896K, reserved 1114112K
  class space    used 6706K, committed 7360K, reserved 1048576K
}
Event: 21.359 GC heap before
{Heap before GC invocations=135 (full 3):
 PSYoungGen      total 14336K, used 13780K [0x00000000d5580000, 0x00000000d6500000, 0x0000000100000000)
  eden space 12800K, 100% used [0x00000000d5580000,0x00000000d6200000,0x00000000d6200000)
  from space 1536K, 63% used [0x00000000d6200000,0x00000000d62f5220,0x00000000d6380000)
  to   space 1536K, 0% used [0x00000000d6380000,0x00000000d6380000,0x00000000d6500000)
 ParOldGen       total 86016K, used 85561K [0x0000000080000000, 0x0000000085400000, 0x00000000d5580000)
  object space 86016K, 99% used [0x0000000080000000,0x000000008538e660,0x0000000085400000)
 Metaspace       used 63801K, committed 65280K, reserved 1114112K
  class space    used 6735K, committed 7360K, reserved 1048576K
}
Event: 21.363 GC heap after
{Heap after GC invocations=135 (full 3):
 PSYoungGen      total 14336K, used 1220K [0x00000000d5580000, 0x00000000d6500000, 0x0000000100000000)
  eden space 12800K, 0% used [0x00000000d5580000,0x00000000d5580000,0x00000000d6200000)
  from space 1536K, 79% used [0x00000000d6380000,0x00000000d64b1030,0x00000000d6500000)
  to   space 1536K, 0% used [0x00000000d6200000,0x00000000d6200000,0x00000000d6380000)
 ParOldGen       total 86528K, used 86325K [0x0000000080000000, 0x0000000085480000, 0x00000000d5580000)
  object space 86528K, 99% used [0x0000000080000000,0x000000008544d7f8,0x0000000085480000)
 Metaspace       used 63801K, committed 65280K, reserved 1114112K
  class space    used 6735K, committed 7360K, reserved 1048576K
}
Event: 21.714 GC heap before
{Heap before GC invocations=136 (full 3):
 PSYoungGen      total 14336K, used 14007K [0x00000000d5580000, 0x00000000d6500000, 0x0000000100000000)
  eden space 12800K, 99% used [0x00000000d5580000,0x00000000d61fcc18,0x00000000d6200000)
  from space 1536K, 79% used [0x00000000d6380000,0x00000000d64b1030,0x00000000d6500000)
  to   space 1536K, 0% used [0x00000000d6200000,0x00000000d6200000,0x00000000d6380000)
 ParOldGen       total 86528K, used 86325K [0x0000000080000000, 0x0000000085480000, 0x00000000d5580000)
  object space 86528K, 99% used [0x0000000080000000,0x000000008544d7f8,0x0000000085480000)
 Metaspace       used 65377K, committed 67008K, reserved 1114112K
  class space    used 6890K, committed 7616K, reserved 1048576K
}
Event: 21.717 GC heap after
{Heap after GC invocations=136 (full 3):
 PSYoungGen      total 13824K, used 839K [0x00000000d5580000, 0x00000000d6400000, 0x0000000100000000)
  eden space 12800K, 0% used [0x00000000d5580000,0x00000000d5580000,0x00000000d6200000)
  from space 1024K, 81% used [0x00000000d6200000,0x00000000d62d1cf0,0x00000000d6300000)
  to   space 1024K, 0% used [0x00000000d6300000,0x00000000d6300000,0x00000000d6400000)
 ParOldGen       total 87552K, used 87209K [0x0000000080000000, 0x0000000085580000, 0x00000000d5580000)
  object space 87552K, 99% used [0x0000000080000000,0x000000008552a568,0x0000000085580000)
 Metaspace       used 65377K, committed 67008K, reserved 1114112K
  class space    used 6890K, committed 7616K, reserved 1048576K
}
Event: 21.874 GC heap before
{Heap before GC invocations=137 (full 3):
 PSYoungGen      total 13824K, used 13639K [0x00000000d5580000, 0x00000000d6400000, 0x0000000100000000)
  eden space 12800K, 100% used [0x00000000d5580000,0x00000000d6200000,0x00000000d6200000)
  from space 1024K, 81% used [0x00000000d6200000,0x00000000d62d1cf0,0x00000000d6300000)
  to   space 1024K, 0% used [0x00000000d6300000,0x00000000d6300000,0x00000000d6400000)
 ParOldGen       total 87552K, used 87209K [0x0000000080000000, 0x0000000085580000, 0x00000000d5580000)
  object space 87552K, 99% used [0x0000000080000000,0x000000008552a568,0x0000000085580000)
 Metaspace       used 66001K, committed 67648K, reserved 1114112K
  class space    used 6930K, committed 7616K, reserved 1048576K
}
Event: 21.876 GC heap after
{Heap after GC invocations=137 (full 3):
 PSYoungGen      total 12800K, used 1024K [0x00000000d5580000, 0x00000000d6600000, 0x0000000100000000)
  eden space 11776K, 0% used [0x00000000d5580000,0x00000000d5580000,0x00000000d6100000)
  from space 1024K, 100% used [0x00000000d6300000,0x00000000d6400000,0x00000000d6400000)
  to   space 2048K, 0% used [0x00000000d6100000,0x00000000d6100000,0x00000000d6300000)
 ParOldGen       total 88064K, used 87903K [0x0000000080000000, 0x0000000085600000, 0x00000000d5580000)
  object space 88064K, 99% used [0x0000000080000000,0x00000000855d7ea0,0x0000000085600000)
 Metaspace       used 66001K, committed 67648K, reserved 1114112K
  class space    used 6930K, committed 7616K, reserved 1048576K
}
Event: 22.189 GC heap before
{Heap before GC invocations=138 (full 3):
 PSYoungGen      total 12800K, used 12800K [0x00000000d5580000, 0x00000000d6600000, 0x0000000100000000)
  eden space 11776K, 100% used [0x00000000d5580000,0x00000000d6100000,0x00000000d6100000)
  from space 1024K, 100% used [0x00000000d6300000,0x00000000d6400000,0x00000000d6400000)
  to   space 2048K, 0% used [0x00000000d6100000,0x00000000d6100000,0x00000000d6300000)
 ParOldGen       total 88064K, used 87903K [0x0000000080000000, 0x0000000085600000, 0x00000000d5580000)
  object space 88064K, 99% used [0x0000000080000000,0x00000000855d7ea0,0x0000000085600000)
 Metaspace       used 66822K, committed 68480K, reserved 1114112K
  class space    used 7017K, committed 7744K, reserved 1048576K
}
Event: 22.192 GC heap after
{Heap after GC invocations=138 (full 3):
 PSYoungGen      total 13824K, used 1843K [0x00000000d5580000, 0x00000000d6500000, 0x0000000100000000)
  eden space 11776K, 0% used [0x00000000d5580000,0x00000000d5580000,0x00000000d6100000)
  from space 2048K, 90% used [0x00000000d6100000,0x00000000d62ccdd8,0x00000000d6300000)
  to   space 2048K, 0% used [0x00000000d6300000,0x00000000d6300000,0x00000000d6500000)
 ParOldGen       total 88576K, used 88484K [0x0000000080000000, 0x0000000085680000, 0x00000000d5580000)
  object space 88576K, 99% used [0x0000000080000000,0x00000000856692c8,0x0000000085680000)
 Metaspace       used 66822K, committed 68480K, reserved 1114112K
  class space    used 7017K, committed 7744K, reserved 1048576K
}
Event: 26.803 GC heap before
{Heap before GC invocations=139 (full 3):
 PSYoungGen      total 13824K, used 13619K [0x00000000d5580000, 0x00000000d6500000, 0x0000000100000000)
  eden space 11776K, 100% used [0x00000000d5580000,0x00000000d6100000,0x00000000d6100000)
  from space 2048K, 90% used [0x00000000d6100000,0x00000000d62ccdd8,0x00000000d6300000)
  to   space 2048K, 0% used [0x00000000d6300000,0x00000000d6300000,0x00000000d6500000)
 ParOldGen       total 88576K, used 88484K [0x0000000080000000, 0x0000000085680000, 0x00000000d5580000)
  object space 88576K, 99% used [0x0000000080000000,0x00000000856692c8,0x0000000085680000)
 Metaspace       used 67335K, committed 68928K, reserved 1114112K
  class space    used 7067K, committed 7744K, reserved 1048576K
}
Event: 26.804 GC heap after
{Heap after GC invocations=139 (full 3):
 PSYoungGen      total 12288K, used 416K [0x00000000d5580000, 0x00000000d6380000, 0x0000000100000000)
  eden space 11776K, 0% used [0x00000000d5580000,0x00000000d5580000,0x00000000d6100000)
  from space 512K, 81% used [0x00000000d6300000,0x00000000d6368000,0x00000000d6380000)
  to   space 1024K, 0% used [0x00000000d6180000,0x00000000d6180000,0x00000000d6280000)
 ParOldGen       total 89600K, used 89106K [0x0000000080000000, 0x0000000085780000, 0x00000000d5580000)
  object space 89600K, 99% used [0x0000000080000000,0x0000000085704850,0x0000000085780000)
 Metaspace       used 67335K, committed 68928K, reserved 1114112K
  class space    used 7067K, committed 7744K, reserved 1048576K
}

Dll operation events (10 events):
Event: 0.028 Loaded shared library c:\Users\arthur.francisco\.vscode\extensions\redhat.java-1.54.0-win32-x64\jre\21.0.10-win32-x86_64\bin\java.dll
Event: 0.169 Loaded shared library c:\Users\arthur.francisco\.vscode\extensions\redhat.java-1.54.0-win32-x64\jre\21.0.10-win32-x86_64\bin\zip.dll
Event: 0.216 Loaded shared library C:\Users\arthur.francisco\.vscode\extensions\redhat.java-1.54.0-win32-x64\jre\21.0.10-win32-x86_64\bin\instrument.dll
Event: 0.228 Loaded shared library C:\Users\arthur.francisco\.vscode\extensions\redhat.java-1.54.0-win32-x64\jre\21.0.10-win32-x86_64\bin\net.dll
Event: 0.234 Loaded shared library C:\Users\arthur.francisco\.vscode\extensions\redhat.java-1.54.0-win32-x64\jre\21.0.10-win32-x86_64\bin\nio.dll
Event: 0.241 Loaded shared library C:\Users\arthur.francisco\.vscode\extensions\redhat.java-1.54.0-win32-x64\jre\21.0.10-win32-x86_64\bin\zip.dll
Event: 0.279 Loaded shared library C:\Users\arthur.francisco\.vscode\extensions\redhat.java-1.54.0-win32-x64\jre\21.0.10-win32-x86_64\bin\jimage.dll
Event: 0.495 Loaded shared library c:\Users\arthur.francisco\.vscode\extensions\redhat.java-1.54.0-win32-x64\jre\21.0.10-win32-x86_64\bin\verify.dll
Event: 2.279 Loaded shared library C:\Users\arthur.francisco\AppData\Roaming\Code\User\globalStorage\redhat.java\1.54.0\config_win\org.eclipse.equinox.launcher\org.eclipse.equinox.launcher.win32.win32.x86_64_1.3.0.v20260203-2149\eclipse_11919.dll
Event: 7.700 Loaded shared library C:\Users\arthur.francisco\AppData\Local\Temp\jna--1827721100\jna8901031346112209458.dll

Deoptimization events (20 events):
Event: 32.090 Thread 0x000002167d8789f0 DEOPT PACKING pc=0x000002166302abae sp=0x0000004d075fed90
Event: 32.090 Thread 0x000002167d8789f0 DEOPT UNPACKING pc=0x0000021669bf4242 sp=0x0000004d075fe2e8 mode 0
Event: 32.091 Thread 0x000002167d8789f0 DEOPT PACKING pc=0x000002166302abae sp=0x0000004d075fed90
Event: 32.091 Thread 0x000002167d8789f0 DEOPT UNPACKING pc=0x0000021669bf4242 sp=0x0000004d075fe2e8 mode 0
Event: 32.093 Thread 0x000002167d8789f0 DEOPT PACKING pc=0x000002166302abae sp=0x0000004d075fed90
Event: 32.093 Thread 0x000002167d8789f0 DEOPT UNPACKING pc=0x0000021669bf4242 sp=0x0000004d075fe2e8 mode 0
Event: 37.368 Thread 0x000002167de4aee0 DEOPT PACKING pc=0x000002166382de5b sp=0x0000004d0a6fdfd0
Event: 37.368 Thread 0x000002167de4aee0 DEOPT UNPACKING pc=0x0000021669bf4242 sp=0x0000004d0a6fd4f0 mode 0
Event: 37.369 Thread 0x000002167de4aee0 Uncommon trap: trap_request=0xffffffbe fr.pc=0x000002166a9fd49c relative=0x0000000000000ddc
Event: 37.369 Thread 0x000002167de4aee0 Uncommon trap: reason=profile_predicate action=maybe_recompile pc=0x000002166a9fd49c method=java.util.regex.Pattern$BnM.optimize(Ljava/util/regex/Pattern$Node;)Ljava/util/regex/Pattern$Node; @ 67 c2
Event: 37.369 Thread 0x000002167de4aee0 DEOPT PACKING pc=0x000002166a9fd49c sp=0x0000004d0a6fe130
Event: 37.369 Thread 0x000002167de4aee0 DEOPT UNPACKING pc=0x0000021669bf3aa2 sp=0x0000004d0a6fe060 mode 2
Event: 37.370 Thread 0x000002167de4aee0 Uncommon trap: trap_request=0xffffffbe fr.pc=0x000002166a9fd49c relative=0x0000000000000ddc
Event: 37.370 Thread 0x000002167de4aee0 Uncommon trap: reason=profile_predicate action=maybe_recompile pc=0x000002166a9fd49c method=java.util.regex.Pattern$BnM.optimize(Ljava/util/regex/Pattern$Node;)Ljava/util/regex/Pattern$Node; @ 67 c2
Event: 37.370 Thread 0x000002167de4aee0 DEOPT PACKING pc=0x000002166a9fd49c sp=0x0000004d0a6fe0d0
Event: 37.370 Thread 0x000002167de4aee0 DEOPT UNPACKING pc=0x0000021669bf3aa2 sp=0x0000004d0a6fe000 mode 2
Event: 37.370 Thread 0x000002167de4aee0 Uncommon trap: trap_request=0xffffffbe fr.pc=0x000002166a9fd49c relative=0x0000000000000ddc
Event: 37.370 Thread 0x000002167de4aee0 Uncommon trap: reason=profile_predicate action=maybe_recompile pc=0x000002166a9fd49c method=java.util.regex.Pattern$BnM.optimize(Ljava/util/regex/Pattern$Node;)Ljava/util/regex/Pattern$Node; @ 67 c2
Event: 37.370 Thread 0x000002167de4aee0 DEOPT PACKING pc=0x000002166a9fd49c sp=0x0000004d0a6fe130
Event: 37.370 Thread 0x000002167de4aee0 DEOPT UNPACKING pc=0x0000021669bf3aa2 sp=0x0000004d0a6fe060 mode 2

Classes loaded (20 events):
Event: 21.531 Loading class java/util/stream/DistinctOps$1$2
Event: 21.531 Loading class java/util/stream/DistinctOps$1$2 done
Event: 21.968 Loading class jdk/internal/ref/CleanerImpl$InnocuousThreadFactory
Event: 21.969 Loading class jdk/internal/ref/CleanerImpl$InnocuousThreadFactory done
Event: 22.319 Loading class java/util/stream/ReferencePipeline$4
Event: 22.320 Loading class java/util/stream/ReferencePipeline$4 done
Event: 22.321 Loading class java/util/stream/Nodes$IntFixedNodeBuilder
Event: 22.321 Loading class java/util/stream/Node$Builder$OfInt
Event: 22.322 Loading class java/util/stream/Node$Builder$OfInt done
Event: 22.322 Loading class java/util/stream/Nodes$IntArrayNode
Event: 22.322 Loading class java/util/stream/Nodes$IntArrayNode done
Event: 22.322 Loading class java/util/stream/Nodes$IntFixedNodeBuilder done
Event: 22.322 Loading class java/util/stream/ReferencePipeline$4$1
Event: 22.322 Loading class java/util/stream/ReferencePipeline$4$1 done
Event: 32.186 Loading class sun/nio/cs/ISO_8859_1$Encoder
Event: 32.186 Loading class sun/nio/cs/ISO_8859_1$Encoder done
Event: 32.186 Loading class sun/nio/cs/Surrogate$Parser
Event: 32.187 Loading class sun/nio/cs/Surrogate$Parser done
Event: 32.187 Loading class sun/nio/cs/Surrogate
Event: 32.187 Loading class sun/nio/cs/Surrogate done

Classes unloaded (7 events):
Event: 8.815 Thread 0x000002165f5ef8f0 Unloading class 0x00000216011ab400 'java/lang/invoke/LambdaForm$MH+0x00000216011ab400'
Event: 8.815 Thread 0x000002165f5ef8f0 Unloading class 0x00000216011ab000 'java/lang/invoke/LambdaForm$MH+0x00000216011ab000'
Event: 8.815 Thread 0x000002165f5ef8f0 Unloading class 0x00000216011aac00 'java/lang/invoke/LambdaForm$MH+0x00000216011aac00'
Event: 8.815 Thread 0x000002165f5ef8f0 Unloading class 0x00000216011aa800 'java/lang/invoke/LambdaForm$MH+0x00000216011aa800'
Event: 8.815 Thread 0x000002165f5ef8f0 Unloading class 0x00000216011aa400 'java/lang/invoke/LambdaForm$BMH+0x00000216011aa400'
Event: 8.815 Thread 0x000002165f5ef8f0 Unloading class 0x00000216011aa000 'java/lang/invoke/LambdaForm$DMH+0x00000216011aa000'
Event: 8.815 Thread 0x000002165f5ef8f0 Unloading class 0x00000216011a8c00 'java/lang/invoke/LambdaForm$DMH+0x00000216011a8c00'

Classes redefined (0 events):
No events

Internal exceptions (20 events):
Event: 21.117 Thread 0x000002167de50430 Exception <a 'sun/nio/fs/WindowsException'{0x00000000d5e440e0}> (0x00000000d5e440e0) 
thrown [s\src\hotspot\share\prims\jni.cpp, line 520]
Event: 21.119 Thread 0x000002167de50430 Exception <a 'sun/nio/fs/WindowsException'{0x00000000d5e5fa40}> (0x00000000d5e5fa40) 
thrown [s\src\hotspot\share\prims\jni.cpp, line 520]
Event: 21.119 Thread 0x000002167de50430 Exception <a 'sun/nio/fs/WindowsException'{0x00000000d5e605c0}> (0x00000000d5e605c0) 
thrown [s\src\hotspot\share\prims\jni.cpp, line 520]
Event: 21.120 Thread 0x000002167de50430 Exception <a 'sun/nio/fs/WindowsException'{0x00000000d5ec0d48}> (0x00000000d5ec0d48) 
thrown [s\src\hotspot\share\prims\jni.cpp, line 520]
Event: 21.121 Thread 0x000002167de50430 Exception <a 'sun/nio/fs/WindowsException'{0x00000000d5ec18c8}> (0x00000000d5ec18c8) 
thrown [s\src\hotspot\share\prims\jni.cpp, line 520]
Event: 21.137 Thread 0x000002167de50430 Exception <a 'sun/nio/fs/WindowsException'{0x00000000d5fbecc8}> (0x00000000d5fbecc8) 
thrown [s\src\hotspot\share\prims\jni.cpp, line 520]
Event: 21.138 Thread 0x000002167de50430 Exception <a 'sun/nio/fs/WindowsException'{0x00000000d5fc5208}> (0x00000000d5fc5208) 
thrown [s\src\hotspot\share\prims\jni.cpp, line 520]
Event: 21.305 Thread 0x000002167de4a850 Exception <a 'java/lang/NoSuchMethodError'{0x00000000d5eed1d8}: 'java.lang.Object java.lang.invoke.DirectMethodHandle$Holder.invokeStatic(java.lang.Object, java.lang.Object, int, java.lang.Object, java.lang.Object)'> (0x00000000d5eed1d8) 
thrown [s\src\hotspot\share\interpreter\linkResolver.cpp, line 773]
Event: 21.481 Thread 0x000002167de4a850 Implicit null exception at 0x000002166a8f0fa3 to 0x000002166a8f1310
Event: 21.611 Thread 0x000002167dc599f0 Exception <a 'java/io/FileNotFoundException'{0x00000000d5db8f28}> (0x00000000d5db8f28) 
thrown [s\src\hotspot\share\prims\jni.cpp, line 520]
Event: 21.611 Thread 0x000002167dc599f0 Exception <a 'java/io/FileNotFoundException'{0x00000000d5dba098}> (0x00000000d5dba098) 
thrown [s\src\hotspot\share\prims\jni.cpp, line 520]
Event: 21.612 Thread 0x000002167dc599f0 Exception <a 'java/io/FileNotFoundException'{0x00000000d5dbae98}> (0x00000000d5dbae98) 
thrown [s\src\hotspot\share\prims\jni.cpp, line 520]
Event: 22.208 Thread 0x000002167dc5b430 Exception <a 'java/lang/NoSuchMethodError'{0x00000000d56eac90}: 'java.lang.Object java.lang.invoke.DirectMethodHandle$Holder.invokeStatic(java.lang.Object, java.lang.Object, int, java.lang.Object)'> (0x00000000d56eac90) 
thrown [s\src\hotspot\share\interpreter\linkResolver.cpp, line 773]
Event: 22.210 Thread 0x000002167dc5b430 Exception <a 'java/lang/NoSuchMethodError'{0x00000000d5752d28}: 'java.lang.Object java.lang.invoke.DirectMethodHandle$Holder.newInvokeSpecial(java.lang.Object, java.lang.Object, int)'> (0x00000000d5752d28) 
thrown [s\src\hotspot\share\interpreter\linkResolver.cpp, line 773]
Event: 26.778 Thread 0x000002167de49b30 Exception <a 'java/lang/IncompatibleClassChangeError'{0x00000000d5fed0a0}: Found class java.lang.Object, but interface was expected> (0x00000000d5fed0a0) 
thrown [s\src\hotspot\share\interpreter\linkResolver.cpp, line 840]
Event: 26.791 Thread 0x000002167de4e9f0 Exception <a 'java/lang/NoSuchMethodError'{0x00000000d604b4e0}: 'java.lang.Object java.lang.invoke.DirectMethodHandle$Holder.invokeSpecial(java.lang.Object, java.lang.Object, java.lang.Object, java.lang.Object, int, java.lang.Object, java.lang.Object)'> (0x00000000d604b4e0) 
thrown [s\src\hotspot\share\interpreter\linkResolver.cpp, line 773]
Event: 28.526 Thread 0x000002167dc5ada0 Exception <a 'sun/nio/fs/WindowsException'{0x00000000d56dbca8}> (0x00000000d56dbca8) 
thrown [s\src\hotspot\share\prims\jni.cpp, line 520]
Event: 28.526 Thread 0x000002167dc5ada0 Exception <a 'sun/nio/fs/WindowsException'{0x00000000d56dd308}> (0x00000000d56dd308) 
thrown [s\src\hotspot\share\prims\jni.cpp, line 520]
Event: 28.529 Thread 0x000002167dc5ada0 Exception <a 'sun/nio/fs/WindowsException'{0x00000000d56f38a8}> (0x00000000d56f38a8) 
thrown [s\src\hotspot\share\prims\jni.cpp, line 520]
Event: 28.529 Thread 0x000002167dc5ada0 Exception <a 'sun/nio/fs/WindowsException'{0x00000000d56f4178}> (0x00000000d56f4178) 
thrown [s\src\hotspot\share\prims\jni.cpp, line 520]

ZGC Phase Switch (0 events):
No events

VM Operations (20 events):
Event: 23.192 Executing safepoint VM operation: Cleanup
Event: 23.193 Executing safepoint VM operation: Cleanup done
Event: 25.201 Executing safepoint VM operation: Cleanup
Event: 25.201 Executing safepoint VM operation: Cleanup done
Event: 26.802 Executing safepoint VM operation: ParallelGCFailedAllocation (Allocation Failure)
Event: 26.804 Executing safepoint VM operation: ParallelGCFailedAllocation (Allocation Failure) done
Event: 27.818 Executing safepoint VM operation: Cleanup
Event: 27.818 Executing safepoint VM operation: Cleanup done
Event: 28.818 Executing safepoint VM operation: Cleanup
Event: 28.818 Executing safepoint VM operation: Cleanup done
Event: 30.835 Executing safepoint VM operation: Cleanup
Event: 30.835 Executing safepoint VM operation: Cleanup done
Event: 32.846 Executing safepoint VM operation: Cleanup
Event: 32.846 Executing safepoint VM operation: Cleanup done
Event: 37.883 Executing safepoint VM operation: Cleanup
Event: 37.883 Executing safepoint VM operation: Cleanup done
Event: 60.094 Executing non-safepoint VM operation: HandshakeAllThreads (HandshakeForDeflation)
Event: 60.094 Executing non-safepoint VM operation: HandshakeAllThreads (HandshakeForDeflation) done
Event: 60.094 Executing non-safepoint VM operation: RendezvousGCThreads
Event: 60.094 Executing non-safepoint VM operation: RendezvousGCThreads done

Memory protections (0 events):
No events

Nmethod flushes (20 events):
Event: 18.660 Thread 0x000002165f5ef8f0 flushing  nmethod 0x00000216630fd910
Event: 18.660 Thread 0x000002165f5ef8f0 flushing  nmethod 0x000002166311a110
Event: 18.660 Thread 0x000002165f5ef8f0 flushing  nmethod 0x0000021663130990
Event: 18.660 Thread 0x000002165f5ef8f0 flushing  nmethod 0x0000021663130d10
Event: 18.660 Thread 0x000002165f5ef8f0 flushing  nmethod 0x0000021663131090
Event: 18.660 Thread 0x000002165f5ef8f0 flushing  nmethod 0x0000021663132010
Event: 18.660 Thread 0x000002165f5ef8f0 flushing  nmethod 0x0000021663155290
Event: 18.660 Thread 0x000002165f5ef8f0 flushing  nmethod 0x0000021663155890
Event: 18.660 Thread 0x000002165f5ef8f0 flushing  nmethod 0x0000021663155f90
Event: 18.660 Thread 0x000002165f5ef8f0 flushing  nmethod 0x0000021663156810
Event: 18.660 Thread 0x000002165f5ef8f0 flushing  nmethod 0x0000021663156e10
Event: 18.660 Thread 0x000002165f5ef8f0 flushing  nmethod 0x0000021663159990
Event: 18.660 Thread 0x000002165f5ef8f0 flushing  nmethod 0x0000021663166e90
Event: 18.660 Thread 0x000002165f5ef8f0 flushing  nmethod 0x0000021663172510
Event: 18.660 Thread 0x000002165f5ef8f0 flushing  nmethod 0x00000216631c1b90
Event: 18.660 Thread 0x000002165f5ef8f0 flushing  nmethod 0x00000216631f5110
Event: 18.660 Thread 0x000002165f5ef8f0 flushing  nmethod 0x00000216631f6590
Event: 18.660 Thread 0x000002165f5ef8f0 flushing  nmethod 0x00000216631f6990
Event: 18.660 Thread 0x000002165f5ef8f0 flushing  nmethod 0x00000216631f8290
Event: 18.660 Thread 0x000002165f5ef8f0 flushing  nmethod 0x00000216631f8890

Events (20 events):
Event: 26.801 Thread 0x000002165f60b170 Thread added: 0x000002167f1438c0
Event: 26.801 Thread 0x000002165f60b170 Thread added: 0x000002167f145ad0
Event: 26.802 Thread 0x000002165f60b170 Thread added: 0x000002167f143f90
Event: 28.514 Thread 0x000002167f144d30 Thread exited: 0x000002167f144d30
Event: 28.514 Thread 0x000002167f143f90 Thread exited: 0x000002167f143f90
Event: 28.514 Thread 0x000002167f145ad0 Thread exited: 0x000002167f145ad0
Event: 29.926 Thread 0x000002167f1438c0 Thread exited: 0x000002167f1438c0
Event: 29.926 Thread 0x000002167f145400 Thread exited: 0x000002167f145400
Event: 29.950 Thread 0x000002165f60b170 Thread added: 0x000002167f1438c0
Event: 32.035 Thread 0x000002167f1438c0 Thread exited: 0x000002167f1438c0
Event: 32.040 Thread 0x000002165f60b170 Thread added: 0x000002167f144d30
Event: 32.040 Thread 0x000002165f60b170 Thread added: 0x000002167f145400
Event: 32.061 Thread 0x000002165f60b170 Thread added: 0x000002167f145ad0
Event: 32.094 Thread 0x000002165f60b170 Thread added: 0x000002167f1438c0
Event: 32.101 Thread 0x000002167f144d30 Thread added: 0x000002167f1461a0
Event: 37.215 Thread 0x000002167f1461a0 Thread exited: 0x000002167f1461a0
Event: 37.215 Thread 0x000002167f145400 Thread exited: 0x000002167f145400
Event: 37.215 Thread 0x000002167f144d30 Thread exited: 0x000002167f144d30
Event: 37.367 Thread 0x000002167f1438c0 Thread exited: 0x000002167f1438c0
Event: 42.620 Thread 0x000002167f145ad0 Thread exited: 0x000002167f145ad0


Dynamic libraries:
0x00007ff7bfe00000 - 0x00007ff7bfe0e000 	c:\Users\arthur.francisco\.vscode\extensions\redhat.java-1.54.0-win32-x64\jre\21.0.10-win32-x86_64\bin\java.exe
0x00007ffd62e40000 - 0x00007ffd630a7000 	C:\WINDOWS\SYSTEM32\ntdll.dll
0x00007ffd62430000 - 0x00007ffd624f9000 	C:\WINDOWS\System32\KERNEL32.DLL
0x00007ffd60300000 - 0x00007ffd606f4000 	C:\WINDOWS\System32\KERNELBASE.dll
0x00007ffd60700000 - 0x00007ffd6084b000 	C:\WINDOWS\System32\ucrtbase.dll
0x00007ffd4e940000 - 0x00007ffd4e95e000 	c:\Users\arthur.francisco\.vscode\extensions\redhat.java-1.54.0-win32-x64\jre\21.0.10-win32-x86_64\bin\VCRUNTIME140.dll
0x00007ffd56fd0000 - 0x00007ffd56fe8000 	c:\Users\arthur.francisco\.vscode\extensions\redhat.java-1.54.0-win32-x64\jre\21.0.10-win32-x86_64\bin\jli.dll
0x00007ffd62c30000 - 0x00007ffd62df5000 	C:\WINDOWS\System32\USER32.dll
0x00007ffd5f710000 - 0x00007ffd5f737000 	C:\WINDOWS\System32\win32u.dll
0x00007ffd477a0000 - 0x00007ffd47a33000 	C:\WINDOWS\WinSxS\amd64_microsoft.windows.common-controls_6595b64144ccf1df_6.0.26100.8115_none_3e075c82e3354f9c\COMCTL32.dll
0x00007ffd61b10000 - 0x00007ffd61b3b000 	C:\WINDOWS\System32\GDI32.dll
0x00007ffd62690000 - 0x00007ffd62739000 	C:\WINDOWS\System32\msvcrt.dll
0x00007ffd60070000 - 0x00007ffd6019b000 	C:\WINDOWS\System32\gdi32full.dll
0x00007ffd601a0000 - 0x00007ffd60243000 	C:\WINDOWS\System32\msvcp_win.dll
0x00007ffd628c0000 - 0x00007ffd628f2000 	C:\WINDOWS\System32\IMM32.DLL
0x00007ffd56f30000 - 0x00007ffd56f3c000 	c:\Users\arthur.francisco\.vscode\extensions\redhat.java-1.54.0-win32-x64\jre\21.0.10-win32-x86_64\bin\vcruntime140_1.dll
0x00007ffd3b360000 - 0x00007ffd3b3ed000 	c:\Users\arthur.francisco\.vscode\extensions\redhat.java-1.54.0-win32-x64\jre\21.0.10-win32-x86_64\bin\msvcp140.dll
0x00007ffca2da0000 - 0x00007ffca3b41000 	c:\Users\arthur.francisco\.vscode\extensions\redhat.java-1.54.0-win32-x64\jre\21.0.10-win32-x86_64\bin\server\jvm.dll
0x00007ffd621d0000 - 0x00007ffd62286000 	C:\WINDOWS\System32\ADVAPI32.dll
0x00007ffd60bd0000 - 0x00007ffd60c77000 	C:\WINDOWS\System32\sechost.dll
0x00007ffd61b40000 - 0x00007ffd61c58000 	C:\WINDOWS\System32\RPCRT4.dll
0x00007ffd61c60000 - 0x00007ffd61ce0000 	C:\WINDOWS\System32\WS2_32.dll
0x00007ffd54e70000 - 0x00007ffd54ea6000 	C:\WINDOWS\SYSTEM32\WINMM.dll
0x00007ffd5f590000 - 0x00007ffd5f5ee000 	C:\WINDOWS\SYSTEM32\POWRPROF.dll
0x00007ffd48a60000 - 0x00007ffd48a6b000 	C:\WINDOWS\SYSTEM32\VERSION.dll
0x00007ffd5f570000 - 0x00007ffd5f584000 	C:\WINDOWS\SYSTEM32\UMPDC.dll
0x00007ffd5e460000 - 0x00007ffd5e47b000 	C:\WINDOWS\SYSTEM32\kernel.appcore.dll
0x00007ffd4d7a0000 - 0x00007ffd4d7aa000 	c:\Users\arthur.francisco\.vscode\extensions\redhat.java-1.54.0-win32-x64\jre\21.0.10-win32-x86_64\bin\jimage.dll
0x00007ffd5d460000 - 0x00007ffd5d6a2000 	C:\WINDOWS\SYSTEM32\DBGHELP.DLL
0x00007ffd60d90000 - 0x00007ffd61112000 	C:\WINDOWS\System32\combase.dll
0x00007ffd618d0000 - 0x00007ffd619a8000 	C:\WINDOWS\System32\OLEAUT32.dll
0x00007ffd49550000 - 0x00007ffd4958b000 	C:\WINDOWS\SYSTEM32\dbgcore.DLL
0x00007ffd60250000 - 0x00007ffd602f5000 	C:\WINDOWS\System32\bcryptPrimitives.dll
0x00007ffd4d510000 - 0x00007ffd4d51f000 	c:\Users\arthur.francisco\.vscode\extensions\redhat.java-1.54.0-win32-x64\jre\21.0.10-win32-x86_64\bin\instrument.dll
0x00007ffd4d4f0000 - 0x00007ffd4d510000 	c:\Users\arthur.francisco\.vscode\extensions\redhat.java-1.54.0-win32-x64\jre\21.0.10-win32-x86_64\bin\java.dll
0x00007ffd61150000 - 0x00007ffd618b7000 	C:\WINDOWS\System32\SHELL32.dll
0x00007ffd608e0000 - 0x00007ffd60a4a000 	C:\WINDOWS\System32\wintypes.dll
0x00007ffd5f740000 - 0x00007ffd5ffa8000 	C:\WINDOWS\System32\windows.storage.dll
0x00007ffd60c80000 - 0x00007ffd60d78000 	C:\WINDOWS\System32\SHCORE.dll
0x00007ffd629e0000 - 0x00007ffd62a46000 	C:\WINDOWS\System32\shlwapi.dll
0x00007ffd5f630000 - 0x00007ffd5f659000 	C:\WINDOWS\SYSTEM32\profapi.dll
0x00007ffd3fed0000 - 0x00007ffd3fee8000 	c:\Users\arthur.francisco\.vscode\extensions\redhat.java-1.54.0-win32-x64\jre\21.0.10-win32-x86_64\bin\zip.dll
0x00007ffd3b420000 - 0x00007ffd3b430000 	C:\Users\arthur.francisco\.vscode\extensions\redhat.java-1.54.0-win32-x64\jre\21.0.10-win32-x86_64\bin\net.dll
0x00007ffd57800000 - 0x00007ffd5792d000 	C:\WINDOWS\SYSTEM32\WINHTTP.dll
0x00007ffd5e9b0000 - 0x00007ffd5ea1c000 	C:\WINDOWS\system32\mswsock.dll
0x00007ffd3b340000 - 0x00007ffd3b356000 	C:\Users\arthur.francisco\.vscode\extensions\redhat.java-1.54.0-win32-x64\jre\21.0.10-win32-x86_64\bin\nio.dll
0x00007ffd3b080000 - 0x00007ffd3b090000 	c:\Users\arthur.francisco\.vscode\extensions\redhat.java-1.54.0-win32-x64\jre\21.0.10-win32-x86_64\bin\verify.dll
0x00007ffd3b2f0000 - 0x00007ffd3b335000 	C:\Users\arthur.francisco\AppData\Roaming\Code\User\globalStorage\redhat.java\1.54.0\config_win\org.eclipse.equinox.launcher\org.eclipse.equinox.launcher.win32.win32.x86_64_1.3.0.v20260203-2149\eclipse_11919.dll
0x00007ffd62290000 - 0x00007ffd62427000 	C:\WINDOWS\System32\ole32.dll
0x00007ffd5edb0000 - 0x00007ffd5edcb000 	C:\WINDOWS\SYSTEM32\CRYPTSP.dll
0x00007ffd5e3c0000 - 0x00007ffd5e3f9000 	C:\WINDOWS\system32\rsaenh.dll
0x00007ffd5ea60000 - 0x00007ffd5ea93000 	C:\WINDOWS\SYSTEM32\USERENV.dll
0x00007ffd5f600000 - 0x00007ffd5f62a000 	C:\WINDOWS\SYSTEM32\bcrypt.dll
0x00007ffd5ec10000 - 0x00007ffd5ec1c000 	C:\WINDOWS\SYSTEM32\CRYPTBASE.dll
0x00007ffd5db80000 - 0x00007ffd5dbb2000 	C:\WINDOWS\SYSTEM32\IPHLPAPI.DLL
0x00007ffd628a0000 - 0x00007ffd628aa000 	C:\WINDOWS\System32\NSI.dll
0x00007ffd3b0e0000 - 0x00007ffd3b129000 	C:\Users\arthur.francisco\AppData\Local\Temp\jna--1827721100\jna8901031346112209458.dll
0x00007ffd618c0000 - 0x00007ffd618c8000 	C:\WINDOWS\System32\PSAPI.DLL
0x00007ffd57fd0000 - 0x00007ffd57fed000 	C:\WINDOWS\SYSTEM32\dhcpcsvc6.DLL
0x00007ffd57cb0000 - 0x00007ffd57cd5000 	C:\WINDOWS\SYSTEM32\dhcpcsvc.DLL

JVMTI agents:
c:\Users\arthur.francisco\.vscode\extensions\redhat.java-1.54.0-win32-x64\lombok\lombok-1.18.39-4050.jar path:c:\Users\arthur.francisco\.vscode\extensions\redhat.java-1.54.0-win32-x64\jre\21.0.10-win32-x86_64\bin\instrument.dll, loaded, initialized, instrumentlib options:none

dbghelp: loaded successfully - version: 4.0.5 - missing functions: none
symbol engine: initialized successfully - sym options: 0x614 - pdb path: .;c:\Users\arthur.francisco\.vscode\extensions\redhat.java-1.54.0-win32-x64\jre\21.0.10-win32-x86_64\bin;C:\WINDOWS\SYSTEM32;C:\WINDOWS\WinSxS\amd64_microsoft.windows.common-controls_6595b64144ccf1df_6.0.26100.8115_none_3e075c82e3354f9c;c:\Users\arthur.francisco\.vscode\extensions\redhat.java-1.54.0-win32-x64\jre\21.0.10-win32-x86_64\bin\server;C:\Users\arthur.francisco\AppData\Roaming\Code\User\globalStorage\redhat.java\1.54.0\config_win\org.eclipse.equinox.launcher\org.eclipse.equinox.launcher.win32.win32.x86_64_1.3.0.v20260203-2149;C:\Users\arthur.francisco\AppData\Local\Temp\jna--1827721100

VM Arguments:
jvm_args: --add-modules=ALL-SYSTEM --add-opens=java.base/java.util=ALL-UNNAMED --add-opens=java.base/java.lang=ALL-UNNAMED --add-opens=java.base/sun.nio.fs=ALL-UNNAMED -Declipse.application=org.eclipse.jdt.ls.core.id1 -Dosgi.bundles.defaultStartLevel=4 -Declipse.product=org.eclipse.jdt.ls.core.product -Djava.import.generatesMetadataFilesAtProjectRoot=false -DDetectVMInstallationsJob.disabled=true -Dfile.encoding=utf8 -XX:+UseParallelGC -XX:GCTimeRatio=4 -XX:AdaptiveSizePolicyWeight=90 -Dsun.zip.disableMemoryMapping=true -Xmx2G -Xms100m -Xlog:disable -javaagent:c:\Users\arthur.francisco\.vscode\extensions\redhat.java-1.54.0-win32-x64\lombok\lombok-1.18.39-4050.jar -XX:+HeapDumpOnOutOfMemoryError -XX:HeapDumpPath=c:\Users\arthur.francisco\AppData\Roaming\Code\User\workspaceStorage\35a10e9584c7852b2a41de5c6c8bbb6e\redhat.java -Daether.dependencyCollector.impl=bf 
java_command: c:\Users\arthur.francisco\.vscode\extensions\redhat.java-1.54.0-win32-x64\server\plugins\org.eclipse.equinox.launcher_1.7.100.v20251111-0406.jar -configuration c:\Users\arthur.francisco\AppData\Roaming\Code\User\globalStorage\redhat.java\1.54.0\config_win -data c:\Users\arthur.francisco\AppData\Roaming\Code\User\workspaceStorage\35a10e9584c7852b2a41de5c6c8bbb6e\redhat.java\jdt_ws --pipe=\\.\pipe\lsp-1bf2b282067ce8234c8396ec9b5edb02-sock
java_class_path (initial): c:\Users\arthur.francisco\.vscode\extensions\redhat.java-1.54.0-win32-x64\server\plugins\org.eclipse.equinox.launcher_1.7.100.v20251111-0406.jar
Launcher Type: SUN_STANDARD

[Global flags]
    uintx AdaptiveSizePolicyWeight                 = 90                                        {product} {command line}
     intx CICompilerCount                          = 12                                        {product} {ergonomic}
    uintx GCTimeRatio                              = 4                                         {product} {command line}
     bool HeapDumpOnOutOfMemoryError               = true                                   {manageable} {command line}
    ccstr HeapDumpPath                             = c:\Users\arthur.francisco\AppData\Roaming\Code\User\workspaceStorage\35a10e9584c7852b2a41de5c6c8bbb6e\redhat.java         {manageable} {command line}
   size_t InitialHeapSize                          = 104857600                                 {product} {command line}
   size_t MaxHeapSize                              = 2147483648                                {product} {command line}
   size_t MaxNewSize                               = 715653120                                 {product} {ergonomic}
   size_t MinHeapDeltaBytes                        = 524288                                    {product} {ergonomic}
   size_t MinHeapSize                              = 104857600                                 {product} {command line}
   size_t NewSize                                  = 34603008                                  {product} {ergonomic}
    uintx NonNMethodCodeHeapSize                   = 7602480                                {pd product} {ergonomic}
    uintx NonProfiledCodeHeapSize                  = 122027880                              {pd product} {ergonomic}
   size_t OldSize                                  = 70254592                                  {product} {ergonomic}
    uintx ProfiledCodeHeapSize                     = 122027880                              {pd product} {ergonomic}
    uintx ReservedCodeCacheSize                    = 251658240                              {pd product} {ergonomic}
     bool SegmentedCodeCache                       = true                                      {product} {ergonomic}
   size_t SoftMaxHeapSize                          = 2147483648                             {manageable} {ergonomic}
     bool UseCompressedOops                        = true                           {product lp64_product} {ergonomic}
     bool UseLargePagesIndividualAllocation        = false                                  {pd product} {ergonomic}
     bool UseParallelGC                            = true                                      {product} {command line}

Logging:
Log output configuration:
 #0: stdout all=off uptime,level,tags foldmultilines=false
 #1: stderr all=off uptime,level,tags foldmultilines=false

Release file:
JAVA_VERSION="21.0.10" 
MODULES="java.base java.compiler java.datatransfer java.xml java.prefs java.desktop java.instrument java.logging java.management java.security.sasl java.naming java.rmi java.management.rmi java.net.http java.scripting java.security.jgss java.transaction.xa java.sql java.sql.rowset java.xml.crypto java.se java.smartcardio jdk.accessibility jdk.internal.jvmstat jdk.attach jdk.charsets jdk.internal.opt jdk.zipfs jdk.compiler jdk.crypto.ec jdk.crypto.cryptoki jdk.crypto.mscapi jdk.dynalink jdk.internal.ed jdk.editpad jdk.hotspot.agent jdk.httpserver jdk.internal.le jdk.internal.vm.ci jdk.internal.vm.compiler jdk.internal.vm.compiler.management jdk.jartool jdk.javadoc jdk.jcmd jdk.management jdk.management.agent jdk.jconsole jdk.jdeps jdk.jdwp.agent jdk.jdi jdk.jfr jdk.jshell jdk.jsobject jdk.jstatd jdk.localedata jdk.management.jfr jdk.naming.dns jdk.naming.rmi jdk.net jdk.nio.mapmode jdk.random jdk.sctp jdk.security.auth jdk.security.jgss jdk.unsupported jdk.unsupported.desktop jdk.xml.dom" 

Environment Variables:
PATH=C:\Users\arthur.francisco\AppData\Local\Programs\Microsoft VS Code;C:\Python314\Scripts\;C:\Python314\;C:\Program Files\Common Files\Oracle\Java\javapath;C:\WINDOWS\system32;C:\WINDOWS;C:\WINDOWS\System32\Wbem;C:\WINDOWS\System32\WindowsPowerShell\v1.0\;C:\WINDOWS\System32\OpenSSH\;C:\Program Files\Git\cmd;C:\Program Files\nodejs\;C:\ProgramData\chocolatey\bin;C:\Program Files\PuTTY\;C:\Program Files\Docker\Docker\resources\bin;C:\Users\arthur.francisco\AppData\Local\Microsoft\WindowsApps;C:\Users\arthur.francisco\AppData\Local\Programs\Microsoft VS Code\bin;C:\Users\arthur.francisco\.lmstudio\bin;C:\Users\arthur.francisco\AppData\Local\Python\bin;C:\Users\arthur.francisco\AppData\Local\Programs\Antigravity\bin;C:\Users\arthur.francisco\AppData\Roaming\npm
USERNAME=arthur.francisco
OS=Windows_NT
PROCESSOR_IDENTIFIER=Intel64 Family 6 Model 154 Stepping 3, GenuineIntel
TMP=C:\Users\ARTHUR~1.FRA\AppData\Local\Temp
TEMP=C:\Users\ARTHUR~1.FRA\AppData\Local\Temp




Periodic native trim disabled

---------------  S Y S T E M  ---------------

OS:
 Windows 11 , 64 bit Build 26100 (10.0.26100.8246)
OS uptime: 1 days 12:44 hours
Hyper-V role detected

CPU: total 16 (initial active 16) (8 cores per cpu, 2 threads per core) family 6 model 154 stepping 3 microcode 0x424, cx8, cmov, fxsr, ht, mmx, 3dnowpref, sse, sse2, sse3, ssse3, sse4.1, sse4.2, popcnt, lzcnt, tsc, tscinvbit, avx, avx2, aes, erms, clmul, bmi1, bmi2, adx, sha, fma, vzeroupper, clflush, clflushopt, clwb, hv, serialize, rdtscp, rdpid, fsrm, f16c, cet_ibt, cet_ss
Processor Information for the first 16 processors :
  Max Mhz: 2100, Current Mhz: 2100, Mhz Limit: 2100

Memory: 4k page, system-wide physical 16119M (723M free)
TotalPageFile size 24119M (AvailPageFile size 4M)
current process WorkingSet (physical memory assigned to process): 300M, peak: 378M
current process commit charge ("private bytes"): 384M, peak: 466M

vm_info: OpenJDK 64-Bit Server VM (21.0.10+7-LTS) for windows-amd64 JRE (21.0.10+7-LTS), built on 2026-01-20T00:00:00Z by "admin" with MS VC++ 17.12 (VS2022)

END.
